# JRE version: Java(TM) SE Runtime Environment (7.0_45-b18) (build 1.7.0_45-b18)
# Java VM: Java HotSpot(TM) 64-Bit Server VM (24.45-b08 mixed mode linux-amd64 compressed oops)
Heap
 PSYoungGen      total 44032K, used 2528K [0x00000000eb280000, 0x00000000ef580000, 0x0000000100000000)
  eden space 41472K, 0% used [0x00000000eb280000,0x00000000eb280000,0x00000000edb00000)
  from space 2560K, 98% used [0x00000000ef080000,0x00000000ef2f8010,0x00000000ef300000)
  to   space 2560K, 0% used [0x00000000ef300000,0x00000000ef300000,0x00000000ef580000)
 ParOldGen       total 83968K, used 74249K [0x00000000c1800000, 0x00000000c6a00000, 0x00000000eb280000)
  object space 83968K, 88% used [0x00000000c1800000,0x00000000c6082748,0x00000000c6a00000)
 PSPermGen       total 21504K, used 4320K [0x00000000bc600000, 0x00000000bdb00000, 0x00000000c1800000)
  object space 21504K, 20% used [0x00000000bc600000,0x00000000bca380b8,0x00000000bdb00000)
GC Heap History (10 events):
Event: 1.891 GC heap after
Heap after GC invocations=1 (full 0):
 PSYoungGen      total 18432K, used 2528K [0x00000000eb280000, 0x00000000ed680000, 0x0000000100000000)
  eden space 15872K, 0% used [0x00000000eb280000,0x00000000eb280000,0x00000000ec200000)
  from space 2560K, 98% used [0x00000000ec200000,0x00000000ec478030,0x00000000ec480000)
  to   space 2560K, 0% used [0x00000000ed400000,0x00000000ed400000,0x00000000ed680000)
 ParOldGen       total 40960K, used 7772K [0x00000000c1800000, 0x00000000c4000000, 0x00000000eb280000)
  object space 40960K, 18% used [0x00000000c1800000,0x00000000c1f973b8,0x00000000c4000000)
 PSPermGen       total 21504K, used 4143K [0x00000000bc600000, 0x00000000bdb00000, 0x00000000c1800000)
  object space 21504K, 19% used [0x00000000bc600000,0x00000000bca0bf10,0x00000000bdb00000)
}
Event: 1.932 GC heap before
{Heap before GC invocations=2 (full 0):
 PSYoungGen      total 18432K, used 18400K [0x00000000eb280000, 0x00000000ed680000, 0x0000000100000000)
  eden space 15872K, 100% used [0x00000000eb280000,0x00000000ec200000,0x00000000ec200000)
  from space 2560K, 98% used [0x00000000ec200000,0x00000000ec478030,0x00000000ec480000)
  to   space 2560K, 0% used [0x00000000ed400000,0x00000000ed400000,0x00000000ed680000)
 ParOldGen       total 40960K, used 7772K [0x00000000c1800000, 0x00000000c4000000, 0x00000000eb280000)
  object space 40960K, 18% used [0x00000000c1800000,0x00000000c1f973b8,0x00000000c4000000)
 PSPermGen       total 21504K, used 4146K [0x00000000bc600000, 0x00000000bdb00000, 0x00000000c1800000)
  object space 21504K, 19% used [0x00000000bc600000,0x00000000bca0ca90,0x00000000bdb00000)
Event: 1.952 GC heap after
Heap after GC invocations=2 (full 0):
 PSYoungGen      total 34304K, used 2528K [0x00000000eb280000, 0x00000000ed680000, 0x0000000100000000)
  eden space 31744K, 0% used [0x00000000eb280000,0x00000000eb280000,0x00000000ed180000)
  from space 2560K, 98% used [0x00000000ed400000,0x00000000ed678030,0x00000000ed680000)
  to   space 2560K, 0% used [0x00000000ed180000,0x00000000ed180000,0x00000000ed400000)
 ParOldGen       total 40960K, used 18268K [0x00000000c1800000, 0x00000000c4000000, 0x00000000eb280000)
  object space 40960K, 44% used [0x00000000c1800000,0x00000000c29d73b8,0x00000000c4000000)
 PSPermGen       total 21504K, used 4146K [0x00000000bc600000, 0x00000000bdb00000, 0x00000000c1800000)
  object space 21504K, 19% used [0x00000000bc600000,0x00000000bca0ca90,0x00000000bdb00000)
}
Event: 2.848 GC heap before
{Heap before GC invocations=3 (full 0):
 PSYoungGen      total 34304K, used 34272K [0x00000000eb280000, 0x00000000ed680000, 0x0000000100000000)
  eden space 31744K, 100% used [0x00000000eb280000,0x00000000ed180000,0x00000000ed180000)
  from space 2560K, 98% used [0x00000000ed400000,0x00000000ed678030,0x00000000ed680000)
  to   space 2560K, 0% used [0x00000000ed180000,0x00000000ed180000,0x00000000ed400000)
 ParOldGen       total 40960K, used 18268K [0x00000000c1800000, 0x00000000c4000000, 0x00000000eb280000)
  object space 40960K, 44% used [0x00000000c1800000,0x00000000c29d73b8,0x00000000c4000000)
 PSPermGen       total 21504K, used 4321K [0x00000000bc600000, 0x00000000bdb00000, 0x00000000c1800000)
  object space 21504K, 20% used [0x00000000bc600000,0x00000000bca385c0,0x00000000bdb00000)
Event: 2.876 GC heap after
Heap after GC invocations=3 (full 0):
 PSYoungGen      total 34304K, used 2528K [0x00000000eb280000, 0x00000000ef580000, 0x0000000100000000)
  eden space 31744K, 0% used [0x00000000eb280000,0x00000000eb280000,0x00000000ed180000)
  from space 2560K, 98% used [0x00000000ed180000,0x00000000ed3f8040,0x00000000ed400000)
  to   space 2560K, 0% used [0x00000000ef300000,0x00000000ef300000,0x00000000ef580000)
 ParOldGen       total 40960K, used 35934K [0x00000000c1800000, 0x00000000c4000000, 0x00000000eb280000)
  object space 40960K, 87% used [0x00000000c1800000,0x00000000c3b17870,0x00000000c4000000)
 PSPermGen       total 21504K, used 4321K [0x00000000bc600000, 0x00000000bdb00000, 0x00000000c1800000)
  object space 21504K, 20% used [0x00000000bc600000,0x00000000bca385c0,0x00000000bdb00000)
}
Event: 2.900 GC heap before
{Heap before GC invocations=4 (full 1):
 PSYoungGen      total 34304K, used 2528K [0x00000000eb280000, 0x00000000ef580000, 0x0000000100000000)
  eden space 31744K, 0% used [0x00000000eb280000,0x00000000eb280000,0x00000000ed180000)
  from space 2560K, 98% used [0x00000000ed180000,0x00000000ed3f8040,0x00000000ed400000)
  to   space 2560K, 0% used [0x00000000ef300000,0x00000000ef300000,0x00000000ef580000)
 ParOldGen       total 40960K, used 35934K [0x00000000c1800000, 0x00000000c4000000, 0x00000000eb280000)
  object space 40960K, 87% used [0x00000000c1800000,0x00000000c3b17870,0x00000000c4000000)
 PSPermGen       total 21504K, used 4321K [0x00000000bc600000, 0x00000000bdb00000, 0x00000000c1800000)
  object space 21504K, 20% used [0x00000000bc600000,0x00000000bca385c0,0x00000000bdb00000)
Event: 3.771 GC heap after
Heap after GC invocations=4 (full 1):
 PSYoungGen      total 34304K, used 0K [0x00000000eb280000, 0x00000000ef580000, 0x0000000100000000)
  eden space 31744K, 0% used [0x00000000eb280000,0x00000000eb280000,0x00000000ed180000)
  from space 2560K, 0% used [0x00000000ed180000,0x00000000ed180000,0x00000000ed400000)
  to   space 2560K, 0% used [0x00000000ef300000,0x00000000ef300000,0x00000000ef580000)
 ParOldGen       total 83968K, used 37937K [0x00000000c1800000, 0x00000000c6a00000, 0x00000000eb280000)
  object space 83968K, 45% used [0x00000000c1800000,0x00000000c3d0c718,0x00000000c6a00000)
 PSPermGen       total 21504K, used 4320K [0x00000000bc600000, 0x00000000bdb00000, 0x00000000c1800000)
  object space 21504K, 20% used [0x00000000bc600000,0x00000000bca380b8,0x00000000bdb00000)
}
Event: 3.839 GC heap before
{Heap before GC invocations=5 (full 1):
 PSYoungGen      total 34304K, used 31333K [0x00000000eb280000, 0x00000000ef580000, 0x0000000100000000)
  eden space 31744K, 98% used [0x00000000eb280000,0x00000000ed119470,0x00000000ed180000)
  from space 2560K, 0% used [0x00000000ed180000,0x00000000ed180000,0x00000000ed400000)
  to   space 2560K, 0% used [0x00000000ef300000,0x00000000ef300000,0x00000000ef580000)
 ParOldGen       total 83968K, used 37937K [0x00000000c1800000, 0x00000000c6a00000, 0x00000000eb280000)
  object space 83968K, 45% used [0x00000000c1800000,0x00000000c3d0c718,0x00000000c6a00000)
 PSPermGen       total 21504K, used 4320K [0x00000000bc600000, 0x00000000bdb00000, 0x00000000c1800000)
  object space 21504K, 20% used [0x00000000bc600000,0x00000000bca380b8,0x00000000bdb00000)
Event: 3.873 GC heap after
Heap after GC invocations=5 (full 1):
 PSYoungGen      total 44032K, used 2528K [0x00000000eb280000, 0x00000000ef580000, 0x0000000100000000)
  eden space 41472K, 0% used [0x00000000eb280000,0x00000000eb280000,0x00000000edb00000)
  from space 2560K, 98% used [0x00000000ef300000,0x00000000ef578020,0x00000000ef580000)
  to   space 2560K, 0% used [0x00000000ef080000,0x00000000ef080000,0x00000000ef300000)
 ParOldGen       total 83968K, used 52417K [0x00000000c1800000, 0x00000000c6a00000, 0x00000000eb280000)
  object space 83968K, 62% used [0x00000000c1800000,0x00000000c4b30728,0x00000000c6a00000)
 PSPermGen       total 21504K, used 4320K [0x00000000bc600000, 0x00000000bdb00000, 0x00000000c1800000)
  object space 21504K, 20% used [0x00000000bc600000,0x00000000bca380b8,0x00000000bdb00000)
}
Event: 3.935 GC heap before
{Heap before GC invocations=6 (full 1):
 PSYoungGen      total 44032K, used 44000K [0x00000000eb280000, 0x00000000ef580000, 0x0000000100000000)
  eden space 41472K, 100% used [0x00000000eb280000,0x00000000edb00000,0x00000000edb00000)
  from space 2560K, 98% used [0x00000000ef300000,0x00000000ef578020,0x00000000ef580000)
  to   space 2560K, 0% used [0x00000000ef080000,0x00000000ef080000,0x00000000ef300000)
 ParOldGen       total 83968K, used 52417K [0x00000000c1800000, 0x00000000c6a00000, 0x00000000eb280000)
  object space 83968K, 62% used [0x00000000c1800000,0x00000000c4b30728,0x00000000c6a00000)
 PSPermGen       total 21504K, used 4320K [0x00000000bc600000, 0x00000000bdb00000, 0x00000000c1800000)
  object space 21504K, 20% used [0x00000000bc600000,0x00000000bca380b8,0x00000000bdb00000)

